{"contracts/ComplexStorage.sol":{"l":{"27":3,"28":3,"30":3,"31":3,"33":3,"34":3,"35":3,"37":3,"38":3,"40":3,"41":3,"45":0},"path":"/Users/michaelheuer/Projects/ArborVote/contracts/ComplexStorage.sol","s":{"1":3,"2":3,"3":3,"4":3,"5":3,"6":3,"7":3,"8":3,"9":3,"10":3,"11":3,"12":0},"b":{},"f":{"1":3,"2":0},"fnMap":{"1":{"name":"constructor","line":26,"loc":{"start":{"line":26,"column":4},"end":{"line":26,"column":22}}},"2":{"name":"get_uintarray","line":44,"loc":{"start":{"line":44,"column":4},"end":{"line":44,"column":61}}}},"statementMap":{"1":{"start":{"line":27,"column":8},"end":{"line":27,"column":69}},"2":{"start":{"line":28,"column":8},"end":{"line":28,"column":69}},"3":{"start":{"line":30,"column":8},"end":{"line":30,"column":28}},"4":{"start":{"line":31,"column":8},"end":{"line":31,"column":28}},"5":{"start":{"line":33,"column":8},"end":{"line":33,"column":80}},"6":{"start":{"line":34,"column":8},"end":{"line":34,"column":83}},"7":{"start":{"line":35,"column":8},"end":{"line":35,"column":73}},"8":{"start":{"line":37,"column":8},"end":{"line":37,"column":27}},"9":{"start":{"line":38,"column":8},"end":{"line":38,"column":27}},"10":{"start":{"line":40,"column":8},"end":{"line":40,"column":47}},"11":{"start":{"line":41,"column":8},"end":{"line":41,"column":47}},"12":{"start":{"line":45,"column":8},"end":{"line":45,"column":24}}},"branchMap":{}},"contracts/Ownable.sol":{"l":{"20":2,"27":1,"28":1,"36":1,"37":1,"38":1},"path":"/Users/michaelheuer/Projects/ArborVote/contracts/Ownable.sol","s":{"1":2,"2":1,"3":1,"4":1,"5":1},"b":{"1":[1,0],"2":[1,0]},"f":{"1":2,"2":1,"3":1},"fnMap":{"1":{"name":"constructor","line":19,"loc":{"start":{"line":19,"column":4},"end":{"line":19,"column":22}}},"2":{"name":"onlyOwner","line":26,"loc":{"start":{"line":26,"column":4},"end":{"line":26,"column":22}}},"3":{"name":"transferOwnership","line":35,"loc":{"start":{"line":35,"column":4},"end":{"line":35,"column":63}}}},"statementMap":{"1":{"start":{"line":20,"column":8},"end":{"line":20,"column":25}},"2":{"start":{"line":27,"column":8},"end":{"line":27,"column":35}},"3":{"start":{"line":36,"column":8},"end":{"line":36,"column":38}},"4":{"start":{"line":37,"column":8},"end":{"line":37,"column":50}},"5":{"start":{"line":38,"column":8},"end":{"line":38,"column":23}}},"branchMap":{"1":{"line":27,"type":"if","locations":[{"start":{"line":27,"column":8},"end":{"line":27,"column":8}},{"start":{"line":27,"column":8},"end":{"line":27,"column":8}}]},"2":{"line":36,"type":"if","locations":[{"start":{"line":36,"column":8},"end":{"line":36,"column":8}},{"start":{"line":36,"column":8},"end":{"line":36,"column":8}}]}}},"contracts/SimpleStorage.sol":{"l":{"9":0,"11":0},"path":"/Users/michaelheuer/Projects/ArborVote/contracts/SimpleStorage.sol","s":{"1":0,"2":0},"b":{},"f":{"1":0},"fnMap":{"1":{"name":"set","line":8,"loc":{"start":{"line":8,"column":4},"end":{"line":8,"column":29}}}},"statementMap":{"1":{"start":{"line":9,"column":8},"end":{"line":9,"column":21}},"2":{"start":{"line":11,"column":8},"end":{"line":11,"column":52}}},"branchMap":{}},"contracts/TutorialToken.sol":{"l":{"12":3},"path":"/Users/michaelheuer/Projects/ArborVote/contracts/TutorialToken.sol","s":{"1":3},"b":{},"f":{"1":3},"fnMap":{"1":{"name":"constructor","line":11,"loc":{"start":{"line":11,"column":4},"end":{"line":11,"column":22}}}},"statementMap":{"1":{"start":{"line":12,"column":8},"end":{"line":12,"column":40}}},"branchMap":{}}}